{"consumer":1,"level":"info","msg":"Новое сообщение: Запрос: GET","offset":0,"partition":0,"time":"2025-07-28T20:45:37+02:00"}
{"consumer":1,"level":"info","msg":"Новое сообщение: Запрос: GET","offset":1,"partition":0,"time":"2025-07-28T20:45:37+02:00"}
{"consumer":1,"level":"info","msg":"Новое сообщение: Запрос: POST","offset":2,"partition":0,"time":"2025-07-28T20:46:41+02:00"}
{"consumer":1,"level":"info","msg":"Новое сообщение: Запрос: PUT","offset":3,"partition":0,"time":"2025-07-28T20:47:09+02:00"}
{"consumer":1,"level":"info","msg":"Новое сообщение: Запрос: DELETE","offset":4,"partition":0,"time":"2025-07-28T20:47:18+02:00"}
{"consumer":1,"level":"info","msg":"Новое сообщение: Запрос: DELETE","offset":5,"partition":0,"time":"2025-07-28T20:47:21+02:00"}
{"consumer":2,"level":"info","msg":"Новое сообщение: Запрос: DELETE","offset":6,"partition":0,"time":"2025-07-28T20:49:40+02:00"}
{"consumer":2,"level":"info","msg":"Новое сообщение: Запрос: PUT, статус-код: 404","offset":7,"partition":0,"time":"2025-07-28T20:50:18+02:00"}
{"consumer":1,"level":"info","msg":"Новое сообщение: Запрос: GET, статус-код: 200","offset":8,"partition":0,"time":"2025-07-28T20:54:40+02:00"}
{"consumer":1,"level":"info","msg":"Новое сообщение: Запрос: POST, статус-код: 201","offset":9,"partition":0,"time":"2025-07-28T20:54:41+02:00"}
{"consumer":3,"level":"info","msg":"Новое сообщение: Запрос: GET, статус-код: 200","offset":0,"partition":0,"time":"2025-08-03T13:55:38+02:00"}
{"consumer":2,"level":"info","msg":"Новое сообщение: Запрос: GET, статус-код: 200","offset":1,"partition":0,"time":"2025-08-03T14:29:53+02:00"}
{"consumer":2,"level":"info","msg":"Новое сообщение: Запрос: GET, статус-код: 200","offset":2,"partition":0,"time":"2025-08-03T14:29:59+02:00"}
{"consumer":2,"level":"info","msg":"Новое сообщение: Запрос: GET, статус-код: 200","offset":3,"partition":0,"time":"2025-08-03T14:30:05+02:00"}
{"consumer":3,"level":"info","msg":"Новое сообщение: Запрос: GET, статус-код: 200","offset":4,"partition":0,"time":"2025-08-03T14:31:53+02:00"}
{"consumer":3,"level":"info","msg":"Новое сообщение: Запрос: GET, статус-код: 200","offset":5,"partition":0,"time":"2025-08-03T14:31:56+02:00"}
{"consumer":3,"level":"info","msg":"Новое сообщение: Запрос: GET, статус-код: 200","offset":6,"partition":0,"time":"2025-08-03T14:32:03+02:00"}
{"consumer":3,"level":"info","msg":"Новое сообщение: Запрос: GET, статус-код: 200","offset":7,"partition":0,"time":"2025-08-03T14:32:05+02:00"}
{"consumer":3,"level":"info","msg":"Новое сообщение: Запрос: GET, статус-код: 200","offset":8,"partition":0,"time":"2025-08-03T14:33:35+02:00"}
{"consumer":3,"level":"info","msg":"Новое сообщение: Запрос: GET, статус-код: 200","offset":9,"partition":0,"time":"2025-08-03T14:33:38+02:00"}
{"consumer":3,"level":"info","msg":"Новое сообщение: Запрос: GET, статус-код: 200","offset":10,"partition":0,"time":"2025-08-03T14:33:42+02:00"}
{"consumer":2,"level":"info","msg":"Новое сообщение: Запрос: GET, статус-код: 200","offset":11,"partition":0,"time":"2025-08-03T14:38:05+02:00"}
{"consumer":2,"level":"info","msg":"Новое сообщение: Запрос: GET, статус-код: 200","offset":12,"partition":0,"time":"2025-08-03T14:38:08+02:00"}
{"consumer":2,"level":"info","msg":"Новое сообщение: Запрос: GET, статус-код: 200","offset":13,"partition":0,"time":"2025-08-03T14:44:25+02:00"}
{"consumer":2,"level":"info","msg":"Новое сообщение: Запрос: GET, статус-код: 200","offset":14,"partition":0,"time":"2025-08-03T14:44:27+02:00"}
